This is pdfTeX, Version 3.14159265-2.6-1.40.21 (TeX Live 2020) (preloaded format=pdflatex 2021.1.23)  30 MAY 2023 13:43
entering extended mode
 restricted \write18 enabled.
 %&-line parsing enabled.
**CCRR_manuscript.tex
(./CCRR_manuscript.tex
LaTeX2e <2020-02-02> patch level 5
L3 programming layer <2020-03-06> (/usr/local/texlive/2020/texmf-dist/tex/latex
/apa6/apa6.cls
Document Class: apa6 2020/01/13 v2.34 APA formatting (6th edition)
(/usr/local/texlive/2020/texmf-dist/tex/latex/base/article.cls
Document Class: article 2019/12/20 v1.4l Standard LaTeX document class
(/usr/local/texlive/2020/texmf-dist/tex/latex/base/size12.clo
File: size12.clo 2019/12/20 v1.4l Standard LaTeX file (size option)
)
\c@part=\count167
\c@section=\count168
\c@subsection=\count169
\c@subsubsection=\count170
\c@paragraph=\count171
\c@subparagraph=\count172
\c@figure=\count173
\c@table=\count174
\abovecaptionskip=\skip47
\belowcaptionskip=\skip48
\bibindent=\dimen134
) (/usr/local/texlive/2020/texmf-dist/tex/latex/etoolbox/etoolbox.sty
Package: etoolbox 2019/09/21 v2.5h e-TeX tools for LaTeX (JAW)
\etb@tempcnta=\count175
)
Class apa6 Info: No bibliography package was specified; defaulting to (but not 
loading) Biblatex on input line 213.
(/usr/local/texlive/2020/texmf-dist/tex/latex/lm/lmodern.sty
Package: lmodern 2009/10/30 v1.6 Latin Modern Fonts
LaTeX Font Info:    Overwriting symbol font `operators' in version `normal'
(Font)                  OT1/cmr/m/n --> OT1/lmr/m/n on input line 22.
LaTeX Font Info:    Overwriting symbol font `letters' in version `normal'
(Font)                  OML/cmm/m/it --> OML/lmm/m/it on input line 23.
LaTeX Font Info:    Overwriting symbol font `symbols' in version `normal'
(Font)                  OMS/cmsy/m/n --> OMS/lmsy/m/n on input line 24.
LaTeX Font Info:    Overwriting symbol font `largesymbols' in version `normal'
(Font)                  OMX/cmex/m/n --> OMX/lmex/m/n on input line 25.
LaTeX Font Info:    Overwriting symbol font `operators' in version `bold'
(Font)                  OT1/cmr/bx/n --> OT1/lmr/bx/n on input line 26.
LaTeX Font Info:    Overwriting symbol font `letters' in version `bold'
(Font)                  OML/cmm/b/it --> OML/lmm/b/it on input line 27.
LaTeX Font Info:    Overwriting symbol font `symbols' in version `bold'
(Font)                  OMS/cmsy/b/n --> OMS/lmsy/b/n on input line 28.
LaTeX Font Info:    Overwriting symbol font `largesymbols' in version `bold'
(Font)                  OMX/cmex/m/n --> OMX/lmex/m/n on input line 29.
LaTeX Font Info:    Overwriting math alphabet `\mathbf' in version `normal'
(Font)                  OT1/cmr/bx/n --> OT1/lmr/bx/n on input line 31.
LaTeX Font Info:    Overwriting math alphabet `\mathsf' in version `normal'
(Font)                  OT1/cmss/m/n --> OT1/lmss/m/n on input line 32.
LaTeX Font Info:    Overwriting math alphabet `\mathit' in version `normal'
(Font)                  OT1/cmr/m/it --> OT1/lmr/m/it on input line 33.
LaTeX Font Info:    Overwriting math alphabet `\mathtt' in version `normal'
(Font)                  OT1/cmtt/m/n --> OT1/lmtt/m/n on input line 34.
LaTeX Font Info:    Overwriting math alphabet `\mathbf' in version `bold'
(Font)                  OT1/cmr/bx/n --> OT1/lmr/bx/n on input line 35.
LaTeX Font Info:    Overwriting math alphabet `\mathsf' in version `bold'
(Font)                  OT1/cmss/bx/n --> OT1/lmss/bx/n on input line 36.
LaTeX Font Info:    Overwriting math alphabet `\mathit' in version `bold'
(Font)                  OT1/cmr/bx/it --> OT1/lmr/bx/it on input line 37.
LaTeX Font Info:    Overwriting math alphabet `\mathtt' in version `bold'
(Font)                  OT1/cmtt/m/n --> OT1/lmtt/m/n on input line 38.
) (/usr/local/texlive/2020/texmf-dist/tex/latex/base/fontenc.sty
Package: fontenc 2020/02/11 v2.0o Standard LaTeX package
LaTeX Font Info:    Trying to load font information for T1+lmr on input line 11
2.
(/usr/local/texlive/2020/texmf-dist/tex/latex/lm/t1lmr.fd
File: t1lmr.fd 2009/10/30 v1.6 Font defs for Latin Modern
)) (/usr/local/texlive/2020/texmf-dist/tex/latex/geometry/geometry.sty
Package: geometry 2020/01/02 v5.9 Page Geometry
(/usr/local/texlive/2020/texmf-dist/tex/latex/graphics/keyval.sty
Package: keyval 2014/10/28 v1.15 key=value parser (DPC)
\KV@toks@=\toks15
) (/usr/local/texlive/2020/texmf-dist/tex/generic/iftex/ifvtex.sty
Package: ifvtex 2019/10/25 v1.7 ifvtex legacy package. Use iftex instead.
(/usr/local/texlive/2020/texmf-dist/tex/generic/iftex/iftex.sty
Package: iftex 2020/03/06 v1.0d TeX engine tests
))
\Gm@cnth=\count176
\Gm@cntv=\count177
\c@Gm@tempcnt=\count178
\Gm@bindingoffset=\dimen135
\Gm@wd@mp=\dimen136
\Gm@odd@mp=\dimen137
\Gm@even@mp=\dimen138
\Gm@layoutwidth=\dimen139
\Gm@layoutheight=\dimen140
\Gm@layouthoffset=\dimen141
\Gm@layoutvoffset=\dimen142
\Gm@dimlist=\toks16
) (/usr/local/texlive/2020/texmf-dist/tex/latex/graphics/graphicx.sty
Package: graphicx 2019/11/30 v1.2a Enhanced LaTeX Graphics (DPC,SPQR)
(/usr/local/texlive/2020/texmf-dist/tex/latex/graphics/graphics.sty
Package: graphics 2019/11/30 v1.4a Standard LaTeX Graphics (DPC,SPQR)
(/usr/local/texlive/2020/texmf-dist/tex/latex/graphics/trig.sty
Package: trig 2016/01/03 v1.10 sin cos tan (DPC)
) (/usr/local/texlive/2020/texmf-dist/tex/latex/graphics-cfg/graphics.cfg
File: graphics.cfg 2016/06/04 v1.11 sample graphics configuration
)
Package graphics Info: Driver file: pdftex.def on input line 105.
(/usr/local/texlive/2020/texmf-dist/tex/latex/graphics-def/pdftex.def
File: pdftex.def 2018/01/08 v1.0l Graphics/color driver for pdftex
))
\Gin@req@height=\dimen143
\Gin@req@width=\dimen144
) (/usr/local/texlive/2020/texmf-dist/tex/latex/booktabs/booktabs.sty
Package: booktabs 2020/01/12 v1.61803398 Publication quality tables
\heavyrulewidth=\dimen145
\lightrulewidth=\dimen146
\cmidrulewidth=\dimen147
\belowrulesep=\dimen148
\belowbottomsep=\dimen149
\aboverulesep=\dimen150
\abovetopsep=\dimen151
\cmidrulesep=\dimen152
\cmidrulekern=\dimen153
\defaultaddspace=\dimen154
\@cmidla=\count179
\@cmidlb=\count180
\@aboverulesep=\dimen155
\@belowrulesep=\dimen156
\@thisruleclass=\count181
\@lastruleclass=\count182
\@thisrulewidth=\dimen157
)
(/usr/local/texlive/2020/texmf-dist/tex/latex/threeparttable/threeparttable.sty
Package: threeparttable 2003/06/13  v 3.0
\@tempboxb=\box45
)
\b@level@one@skip=\skip49
\e@level@one@skip=\skip50
\b@level@two@skip=\skip51
\e@level@two@skip=\skip52
\b@level@three@skip=\skip53
\e@level@three@skip=\skip54
\b@level@four@skip=\skip55
\e@level@four@skip=\skip56
\b@level@five@skip=\skip57
\e@level@five@skip=\skip58
(/usr/local/texlive/2020/texmf-dist/tex/latex/caption/caption.sty
Package: caption 2020/01/03 v3.4h Customizing captions (AR)
(/usr/local/texlive/2020/texmf-dist/tex/latex/caption/caption3.sty
Package: caption3 2020/01/03 v1.8h caption3 kernel (AR)
Package caption3 Info: TeX engine: e-TeX on input line 61.
\captionmargin=\dimen158
\captionmargin@=\dimen159
\captionwidth=\dimen160
\caption@tempdima=\dimen161
\caption@indent=\dimen162
\caption@parindent=\dimen163
\caption@hangindent=\dimen164
Package caption Info: Standard document class detected.
)
\c@caption@flags=\count183
\c@continuedfloat=\count184
Package caption Info: threeparttable package is loaded.
)
\c@APAenum=\count185
\@text@par@indent=\skip59
\gr@box=\box46
\gr@boxwidth=\skip60
\gr@boxheight=\skip61
(/usr/local/texlive/2020/texmf-dist/tex/latex/tools/bm.sty
Package: bm 2019/07/24 v1.2d Bold Symbol Support (DPC/FMi)
\symboldoperators=\mathgroup4
\symboldletters=\mathgroup5
\symboldsymbols=\mathgroup6
LaTeX Font Info:    Redeclaring math alphabet \mathbf on input line 141.
LaTeX Info: Redefining \bm on input line 209.
)
\c@appendix=\count186
(/usr/local/texlive/2020/texmf-dist/tex/latex/fancyhdr/fancyhdr.sty
Package: fancyhdr 2019/01/31 v3.10 Extensive control of page headers and footer
s
\f@nch@headwidth=\skip62
\f@nch@O@elh=\skip63
\f@nch@O@erh=\skip64
\f@nch@O@olh=\skip65
\f@nch@O@orh=\skip66
\f@nch@O@elf=\skip67
\f@nch@O@erf=\skip68
\f@nch@O@olf=\skip69
\f@nch@O@orf=\skip70
) (/usr/local/texlive/2020/texmf-dist/tex/latex/endfloat/endfloat.sty
Package: endfloat 2019/04/15 v2.7 LaTeX2e package puts figures and tables at en
d (jdm)
\c@posttable=\count187
\efloat@postttt=\write3
\@ef@tttopen=\count188
\c@postfigure=\count189
\efloat@postfff=\write4
\@ef@fffopen=\count190
) (/usr/local/texlive/2020/texmf-dist/tex/latex/float/float.sty
Package: float 2001/11/08 v1.3d Float enhancements (AL)
\c@float@type=\count191
\float@exts=\toks17
\float@box=\box47
\@float@everytoks=\toks18
\@floatcapt=\box48
)) (/usr/local/texlive/2020/texmf-dist/tex/latex/amsmath/amsmath.sty
Package: amsmath 2020/01/20 v2.17e AMS math features
\@mathmargin=\skip71
For additional information on amsmath, use the `?' option.
(/usr/local/texlive/2020/texmf-dist/tex/latex/amsmath/amstext.sty
Package: amstext 2000/06/29 v2.01 AMS text
(/usr/local/texlive/2020/texmf-dist/tex/latex/amsmath/amsgen.sty
File: amsgen.sty 1999/11/30 v2.0 generic functions
\@emptytoks=\toks19
\ex@=\dimen165
)) (/usr/local/texlive/2020/texmf-dist/tex/latex/amsmath/amsbsy.sty
Package: amsbsy 1999/11/29 v1.2d Bold Symbols
LaTeX Info: Redefining \boldsymbol on input line 28.
\pmbraise@=\dimen166
) (/usr/local/texlive/2020/texmf-dist/tex/latex/amsmath/amsopn.sty
Package: amsopn 2016/03/08 v2.02 operator names
)
\inf@bad=\count192
LaTeX Info: Redefining \frac on input line 227.
\uproot@=\count193
\leftroot@=\count194
LaTeX Info: Redefining \overline on input line 389.
\classnum@=\count195
\DOTSCASE@=\count196
LaTeX Info: Redefining \ldots on input line 486.
LaTeX Info: Redefining \dots on input line 489.
LaTeX Info: Redefining \cdots on input line 610.
\Mathstrutbox@=\box49
\strutbox@=\box50
\big@size=\dimen167
LaTeX Font Info:    Redeclaring font encoding OML on input line 733.
LaTeX Font Info:    Redeclaring font encoding OMS on input line 734.
\macc@depth=\count197
\c@MaxMatrixCols=\count198
\dotsspace@=\muskip16
\c@parentequation=\count199
\dspbrk@lvl=\count266
\tag@help=\toks20
\row@=\count267
\column@=\count268
\maxfields@=\count269
\andhelp@=\toks21
\eqnshift@=\dimen168
\alignsep@=\dimen169
\tagshift@=\dimen170
\tagwidth@=\dimen171
\totwidth@=\dimen172
\lineht@=\dimen173
\@envbody=\toks22
\multlinegap=\skip72
\multlinetaggap=\skip73
\mathdisplay@stack=\toks23
LaTeX Info: Redefining \[ on input line 2859.
LaTeX Info: Redefining \] on input line 2860.
) (/usr/local/texlive/2020/texmf-dist/tex/latex/amsfonts/amssymb.sty
Package: amssymb 2013/01/14 v3.01 AMS font symbols
(/usr/local/texlive/2020/texmf-dist/tex/latex/amsfonts/amsfonts.sty
Package: amsfonts 2013/01/14 v3.01 Basic AMSFonts support
\symAMSa=\mathgroup7
\symAMSb=\mathgroup8
LaTeX Font Info:    Redeclaring math symbol \hbar on input line 98.
LaTeX Font Info:    Overwriting math alphabet `\mathfrak' in version `bold'
(Font)                  U/euf/m/n --> U/euf/b/n on input line 106.
)) (/usr/local/texlive/2020/texmf-dist/tex/latex/base/fontenc.sty
Package: fontenc 2020/02/11 v2.0o Standard LaTeX package
) (/usr/local/texlive/2020/texmf-dist/tex/latex/base/inputenc.sty
Package: inputenc 2018/08/11 v1.3c Input encoding file
\inpenc@prehook=\toks24
\inpenc@posthook=\toks25
) (/usr/local/texlive/2020/texmf-dist/tex/latex/base/textcomp.sty
Package: textcomp 2020/02/02 v2.0n Standard LaTeX package
) (/usr/local/texlive/2020/texmf-dist/tex/latex/upquote/upquote.sty
Package: upquote 2012/04/19 v1.3 upright-quote and grave-accent glyphs in verba
tim
) (/usr/local/texlive/2020/texmf-dist/tex/latex/microtype/microtype.sty
Package: microtype 2019/11/18 v2.7d Micro-typographical refinements (RS)
\MT@toks=\toks26
\MT@count=\count270
LaTeX Info: Redefining \textls on input line 790.
\MT@outer@kern=\dimen174
LaTeX Info: Redefining \textmicrotypecontext on input line 1354.
\MT@listname@count=\count271
(/usr/local/texlive/2020/texmf-dist/tex/latex/microtype/microtype-pdftex.def
File: microtype-pdftex.def 2019/11/18 v2.7d Definitions specific to pdftex (RS)

LaTeX Info: Redefining \lsstyle on input line 914.
LaTeX Info: Redefining \lslig on input line 914.
\MT@outer@space=\skip74
)
Package microtype Info: Loading configuration file microtype.cfg.
(/usr/local/texlive/2020/texmf-dist/tex/latex/microtype/microtype.cfg
File: microtype.cfg 2019/11/18 v2.7d microtype main configuration file (RS)
)) (/usr/local/texlive/2020/texmf-dist/tex/latex/parskip/parskip.sty
Package: parskip 2020-01-22 v2.0d non-zero parskip adjustments
(/usr/local/texlive/2020/texmf-dist/tex/latex/kvoptions/kvoptions.sty
Package: kvoptions 2019/11/29 v3.13 Key value format for package options (HO)
(/usr/local/texlive/2020/texmf-dist/tex/generic/ltxcmds/ltxcmds.sty
Package: ltxcmds 2019/12/15 v1.24 LaTeX kernel commands for general use (HO)
) (/usr/local/texlive/2020/texmf-dist/tex/generic/kvsetkeys/kvsetkeys.sty
Package: kvsetkeys 2019/12/15 v1.18 Key value parser (HO)
))) (/usr/local/texlive/2020/texmf-dist/tex/latex/xcolor/xcolor.sty
Package: xcolor 2016/05/11 v2.12 LaTeX color extensions (UK)
(/usr/local/texlive/2020/texmf-dist/tex/latex/graphics-cfg/color.cfg
File: color.cfg 2016/01/02 v1.6 sample color configuration
)
Package xcolor Info: Driver file: pdftex.def on input line 225.
Package xcolor Info: Model `cmy' substituted by `cmy0' on input line 1348.
Package xcolor Info: Model `hsb' substituted by `rgb' on input line 1352.
Package xcolor Info: Model `RGB' extended on input line 1364.
Package xcolor Info: Model `HTML' substituted by `rgb' on input line 1366.
Package xcolor Info: Model `Hsb' substituted by `hsb' on input line 1367.
Package xcolor Info: Model `tHsb' substituted by `hsb' on input line 1368.
Package xcolor Info: Model `HSB' substituted by `hsb' on input line 1369.
Package xcolor Info: Model `Gray' substituted by `gray' on input line 1370.
Package xcolor Info: Model `wave' substituted by `hsb' on input line 1371.
)
\cslhangindent=\skip75
\csllabelwidth=\skip76
\cslentryspacingunit=\skip77
(/usr/local/texlive/2020/texmf-dist/tex/latex/tools/calc.sty
Package: calc 2017/05/25 v4.3 Infix arithmetic (KKT,FJ)
\calc@Acount=\count272
\calc@Bcount=\count273
\calc@Adimen=\dimen175
\calc@Bdimen=\dimen176
\calc@Askip=\skip78
\calc@Bskip=\skip79
LaTeX Info: Redefining \setlength on input line 80.
LaTeX Info: Redefining \addtolength on input line 81.
\calc@Ccount=\count274
\calc@Cskip=\skip80
) (/usr/local/texlive/2020/texmf-dist/tex/generic/babel/babel.sty
Package: babel 2020/03/22 3.42 The Babel package
(/usr/local/texlive/2020/texmf-dist/tex/generic/babel/switch.def
File: switch.def 2020/03/22 3.42 Babel switching mechanism
)
Package babel Info: You haven't specified a language. I'll use 'nil'
(babel)             as the main language. Reported on input line 573.
(/usr/local/texlive/2020/texmf-dist/tex/generic/babel/nil.ldf
Language: nil 2020/03/22 3.42 Nil language
(/usr/local/texlive/2020/texmf-dist/tex/generic/babel/babel.def
File: babel.def 2020/03/22 3.42 Babel common definitions
\babel@savecnt=\count275
\U@D=\dimen177
(/usr/local/texlive/2020/texmf-dist/tex/generic/babel/txtbabel.def)
\bbl@readstream=\read2
\bbl@dirlevel=\count276
)
\l@nil=\language86
))
\everypar=\toks27

(/usr/local/texlive/2020/texmf-dist/tex/generic/babel/locale/en/babel-english.t
ex)
Package babel Info: Importing data for english
(babel)             from babel-en.ini. Reported on input line 90.
Package babel Info: \l@english = using hyphenrules for english
(babel)             (\language0) on input line 90.
(/usr/local/texlive/2020/texmf-dist/tex/latex/was/upgreek.sty
Package: upgreek 2003/02/12 v2.0 (WaS)
Package upgreek Info: Using Euler Roman for upright Greek on input line 31.
\symugrf@m=\mathgroup9
LaTeX Font Info:    Overwriting symbol font `ugrf@m' in version `bold'
(Font)                  U/eur/m/n --> U/eur/b/n on input line 38.
) (/usr/local/texlive/2020/texmf-dist/tex/latex/tools/longtable.sty
Package: longtable 2020/01/07 v4.13 Multi-page Table package (DPC)
\LTleft=\skip81
\LTright=\skip82
\LTpre=\skip83
\LTpost=\skip84
\LTchunksize=\count277
\LTcapwidth=\dimen178
\LT@head=\box51
\LT@firsthead=\box52
\LT@foot=\box53
\LT@lastfoot=\box54
\LT@cols=\count278
\LT@rows=\count279
\c@LT@tables=\count280
\c@LT@chunks=\count281
\LT@p@ftn=\toks28
) (/usr/local/texlive/2020/texmf-dist/tex/latex/graphics/lscape.sty
Package: lscape 2000/10/22 v3.01 Landscape Pages (DPC)
) (/usr/local/texlive/2020/texmf-dist/tex/latex/multirow/multirow.sty
Package: multirow 2019/05/31 v2.5 Span multiple rows of a table
\multirow@colwidth=\skip85
\multirow@cntb=\count282
\multirow@dima=\skip86
\bigstrutjot=\dimen179
) (/usr/local/texlive/2020/texmf-dist/tex/latex/tools/tabularx.sty
Package: tabularx 2020/01/15 v2.11c `tabularx' package (DPC)
(/usr/local/texlive/2020/texmf-dist/tex/latex/tools/array.sty
Package: array 2019/08/31 v2.4l Tabular extension package (FMi)
\col@sep=\dimen180
\ar@mcellbox=\box55
\extrarowheight=\dimen181
\NC@list=\toks29
\extratabsurround=\skip87
\backup@length=\skip88
\ar@cellbox=\box56
)
\TX@col@width=\dimen182
\TX@old@table=\dimen183
\TX@old@col=\dimen184
\TX@target=\dimen185
\TX@delta=\dimen186
\TX@cols=\count283
\TX@ftn=\toks30
)
(/usr/local/texlive/2020/texmf-dist/tex/latex/threeparttablex/threeparttablex.s
ty
Package: threeparttablex 2013/07/23 v0.3 by daleif
(/usr/local/texlive/2020/texmf-dist/tex/latex/environ/environ.sty
Package: environ 2014/05/04 v0.3 A new way to define environments
(/usr/local/texlive/2020/texmf-dist/tex/latex/trimspaces/trimspaces.sty
Package: trimspaces 2009/09/17 v1.1 Trim spaces around a token list
))
\TPTL@width=\skip89
)
\longtablewidth=\skip90
Failed to patch abstract.
Failed to patch title.
(/usr/local/texlive/2020/texmf-dist/tex/latex/xpatch/xpatch.sty (/usr/local/tex
live/2020/texmf-dist/tex/latex/l3kernel/expl3.sty
Package: expl3 2020-03-06 L3 programming layer (loader) 
(/usr/local/texlive/2020/texmf-dist/tex/latex/l3backend/l3backend-pdfmode.def
File: l3backend-pdfmode.def 2020-03-12 L3 backend support: PDF mode
\l__kernel_color_stack_int=\count284
\l__pdf_internal_box=\box57
))
Package: xpatch 2020/03/25 v0.3a Extending etoolbox patching commands
(/usr/local/texlive/2020/texmf-dist/tex/latex/l3packages/xparse/xparse.sty
Package: xparse 2020-03-06 L3 Experimental document command parser
\l__xparse_current_arg_int=\count285
\g__xparse_grabber_int=\count286
\l__xparse_m_args_int=\count287
\l__xparse_v_nesting_int=\count288
)) (/usr/local/texlive/2020/texmf-dist/tex/latex/lineno/lineno.sty
Package: lineno 2005/11/02 line numbers on paragraphs v4.41
\linenopenalty=\count289
\output=\toks31
\linenoprevgraf=\count290
\linenumbersep=\dimen187
\linenumberwidth=\dimen188
\c@linenumber=\count291
\c@pagewiselinenumber=\count292
\c@LN@truepage=\count293
\c@internallinenumber=\count294
\c@internallinenumbers=\count295
\quotelinenumbersep=\dimen189
\bframerule=\dimen190
\bframesep=\dimen191
\bframebox=\box58
LaTeX Info: Redefining \\ on input line 3056.
) (/usr/local/texlive/2020/texmf-dist/tex/latex/csquotes/csquotes.sty
Package: csquotes 2019-12-06 v5.2j context-sensitive quotations (JAW)
\csq@reset=\count296
\csq@gtype=\count297
\csq@glevel=\count298
\csq@qlevel=\count299
\csq@maxlvl=\count300
\csq@tshold=\count301
\csq@ltx@everypar=\toks32
(/usr/local/texlive/2020/texmf-dist/tex/latex/csquotes/csquotes.def
File: csquotes.def 2019-12-06 v5.2j csquotes generic definitions (JAW)
)
Package csquotes Info: Trying to load configuration file 'csquotes.cfg'...
Package csquotes Info: ... configuration file loaded successfully.
(/usr/local/texlive/2020/texmf-dist/tex/latex/csquotes/csquotes.cfg
File: csquotes.cfg 
)) (/usr/local/texlive/2020/texmf-dist/tex/latex/tabu/tabu.sty
Package: tabu 2019/01/11 v2.9 - flexible LaTeX tabulars (FC+tabu-fixed)
(/usr/local/texlive/2020/texmf-dist/tex/latex/varwidth/varwidth.sty
Package: varwidth 2009/03/30 ver 0.92;  Variable-width minipages
\@vwid@box=\box59
\sift@deathcycles=\count302
\@vwid@loff=\dimen192
\@vwid@roff=\dimen193
)
\c@taburow=\count303
\tabu@nbcols=\count304
\tabu@cnt=\count305
\tabu@Xcol=\count306
\tabu@alloc=\count307
\tabu@nested=\count308
\tabu@target=\dimen194
\tabu@spreadtarget=\dimen195
\tabu@naturalX=\dimen196
\tabucolX=\dimen197
\tabu@Xsum=\dimen198
\extrarowdepth=\dimen199
\abovetabulinesep=\dimen256
\belowtabulinesep=\dimen257
\tabustrutrule=\dimen258
\tabu@thebody=\toks33
\tabu@footnotes=\toks34
\tabu@box=\box60
\tabu@arstrutbox=\box61
\tabu@hleads=\box62
\tabu@vleads=\box63
\tabu@cellskip=\skip91
) (/usr/local/texlive/2020/texmf-dist/tex/latex/adjustbox/adjustbox.sty
Package: adjustbox 2019/01/04 v1.2 Adjusting TeX boxes (trim, clip, ...)
(/usr/local/texlive/2020/texmf-dist/tex/latex/xkeyval/xkeyval.sty
Package: xkeyval 2014/12/03 v2.7a package option processing (HA)
(/usr/local/texlive/2020/texmf-dist/tex/generic/xkeyval/xkeyval.tex (/usr/local
/texlive/2020/texmf-dist/tex/generic/xkeyval/xkvutils.tex
\XKV@toks=\toks35
\XKV@tempa@toks=\toks36
)
\XKV@depth=\count309
File: xkeyval.tex 2014/12/03 v2.7a key=value parser (HA)
)) (/usr/local/texlive/2020/texmf-dist/tex/latex/adjustbox/adjcalc.sty
Package: adjcalc 2012/05/16 v1.1 Provides advanced setlength with multiple back
-ends (calc, etex, pgfmath)
) (/usr/local/texlive/2020/texmf-dist/tex/latex/adjustbox/trimclip.sty
Package: trimclip 2018/04/08 v1.1 Trim and clip general TeX material
(/usr/local/texlive/2020/texmf-dist/tex/latex/collectbox/collectbox.sty
Package: collectbox 2012/05/17 v0.4b Collect macro arguments as boxes
\collectedbox=\box64
)
\tc@llx=\dimen259
\tc@lly=\dimen260
\tc@urx=\dimen261
\tc@ury=\dimen262
Package trimclip Info: Using driver 'tc-pdftex.def'.
(/usr/local/texlive/2020/texmf-dist/tex/latex/adjustbox/tc-pdftex.def
File: tc-pdftex.def 2019/01/04 v2.2 Clipping driver for pdftex
))
\adjbox@Width=\dimen263
\adjbox@Height=\dimen264
\adjbox@Depth=\dimen265
\adjbox@Totalheight=\dimen266
\adjbox@pwidth=\dimen267
\adjbox@pheight=\dimen268
\adjbox@pdepth=\dimen269
\adjbox@ptotalheight=\dimen270
(/usr/local/texlive/2020/texmf-dist/tex/latex/ifoddpage/ifoddpage.sty
Package: ifoddpage 2016/04/23 v1.1 Conditionals for odd/even page detection
\c@checkoddpage=\count310
)) (/usr/local/texlive/2020/texmf-dist/tex/latex/setspace/setspace.sty
Package: setspace 2011/12/19 v6.7a set line spacing
) (/usr/local/texlive/2020/texmf-dist/tex/latex/bookmark/bookmark.sty
Package: bookmark 2019/12/03 v1.28 PDF bookmarks (HO)
(/usr/local/texlive/2020/texmf-dist/tex/latex/hyperref/hyperref.sty
Package: hyperref 2020/01/14 v7.00d Hypertext links for LaTeX
(/usr/local/texlive/2020/texmf-dist/tex/latex/pdftexcmds/pdftexcmds.sty
Package: pdftexcmds 2019/11/24 v0.31 Utility functions of pdfTeX for LuaTeX (HO
)
(/usr/local/texlive/2020/texmf-dist/tex/generic/infwarerr/infwarerr.sty
Package: infwarerr 2019/12/03 v1.5 Providing info/warning/error messages (HO)
)
Package pdftexcmds Info: \pdf@primitive is available.
Package pdftexcmds Info: \pdf@ifprimitive is available.
Package pdftexcmds Info: \pdfdraftmode found.
) (/usr/local/texlive/2020/texmf-dist/tex/generic/kvdefinekeys/kvdefinekeys.sty
Package: kvdefinekeys 2019-12-19 v1.6 Define keys (HO)
) (/usr/local/texlive/2020/texmf-dist/tex/generic/pdfescape/pdfescape.sty
Package: pdfescape 2019/12/09 v1.15 Implements pdfTeX's escape features (HO)
) (/usr/local/texlive/2020/texmf-dist/tex/latex/hycolor/hycolor.sty
Package: hycolor 2020-01-27 v1.10 Color options for hyperref/bookmark (HO)
) (/usr/local/texlive/2020/texmf-dist/tex/latex/letltxmacro/letltxmacro.sty
Package: letltxmacro 2019/12/03 v1.6 Let assignment for LaTeX macros (HO)
) (/usr/local/texlive/2020/texmf-dist/tex/latex/auxhook/auxhook.sty
Package: auxhook 2019-12-17 v1.6 Hooks for auxiliary files (HO)
)
\@linkdim=\dimen271
\Hy@linkcounter=\count311
\Hy@pagecounter=\count312
(/usr/local/texlive/2020/texmf-dist/tex/latex/hyperref/pd1enc.def
File: pd1enc.def 2020/01/14 v7.00d Hyperref: PDFDocEncoding definition (HO)
Now handling font encoding PD1 ...
... no UTF-8 mapping file for font encoding PD1
) (/usr/local/texlive/2020/texmf-dist/tex/generic/intcalc/intcalc.sty
Package: intcalc 2019/12/15 v1.3 Expandable calculations with integers (HO)
) (/usr/local/texlive/2020/texmf-dist/tex/generic/etexcmds/etexcmds.sty
Package: etexcmds 2019/12/15 v1.7 Avoid name clashes with e-TeX commands (HO)
)
\Hy@SavedSpaceFactor=\count313
Package hyperref Info: Option `unicode' set `true' on input line 4421.
(/usr/local/texlive/2020/texmf-dist/tex/latex/hyperref/puenc.def
File: puenc.def 2020/01/14 v7.00d Hyperref: PDF Unicode definition (HO)
Now handling font encoding PU ...
... no UTF-8 mapping file for font encoding PU
)
Package hyperref Info: Hyper figures OFF on input line 4547.
Package hyperref Info: Link nesting OFF on input line 4552.
Package hyperref Info: Hyper index ON on input line 4555.
Package hyperref Info: Plain pages OFF on input line 4562.
Package hyperref Info: Backreferencing OFF on input line 4567.
Package hyperref Info: Implicit mode ON; LaTeX internals redefined.
Package hyperref Info: Bookmarks ON on input line 4800.
\c@Hy@tempcnt=\count314
(/usr/local/texlive/2020/texmf-dist/tex/latex/url/url.sty
\Urlmuskip=\muskip17
Package: url 2013/09/16  ver 3.4  Verb mode for urls, etc.
)
LaTeX Info: Redefining \url on input line 5159.
\XeTeXLinkMargin=\dimen272
(/usr/local/texlive/2020/texmf-dist/tex/generic/bitset/bitset.sty
Package: bitset 2019/12/09 v1.3 Handle bit-vector datatype (HO)
(/usr/local/texlive/2020/texmf-dist/tex/generic/bigintcalc/bigintcalc.sty
Package: bigintcalc 2019/12/15 v1.5 Expandable calculations on big integers (HO
)
))
\Fld@menulength=\count315
\Field@Width=\dimen273
\Fld@charsize=\dimen274
Package hyperref Info: Hyper figures OFF on input line 6430.
Package hyperref Info: Link nesting OFF on input line 6435.
Package hyperref Info: Hyper index ON on input line 6438.
Package hyperref Info: backreferencing OFF on input line 6445.
Package hyperref Info: Link coloring OFF on input line 6450.
Package hyperref Info: Link coloring with OCG OFF on input line 6455.
Package hyperref Info: PDF/A mode OFF on input line 6460.
LaTeX Info: Redefining \ref on input line 6500.
LaTeX Info: Redefining \pageref on input line 6504.
(/usr/local/texlive/2020/texmf-dist/tex/generic/atbegshi/atbegshi.sty
Package: atbegshi 2019/12/05 v1.19 At begin shipout hook (HO)
)
\Hy@abspage=\count316
\c@Item=\count317
\c@Hfootnote=\count318
)
Package hyperref Info: Driver (autodetected): hpdftex.
(/usr/local/texlive/2020/texmf-dist/tex/latex/hyperref/hpdftex.def
File: hpdftex.def 2020/01/14 v7.00d Hyperref driver for pdfTeX
(/usr/local/texlive/2020/texmf-dist/tex/latex/atveryend/atveryend.sty
Package: atveryend 2019-12-11 v1.11 Hooks at the very end of document (HO)
)
\Fld@listcount=\count319
\c@bookmark@seq@number=\count320

(/usr/local/texlive/2020/texmf-dist/tex/latex/rerunfilecheck/rerunfilecheck.sty
Package: rerunfilecheck 2019/12/05 v1.9 Rerun checks for auxiliary files (HO)

(/usr/local/texlive/2020/texmf-dist/tex/generic/uniquecounter/uniquecounter.sty
Package: uniquecounter 2019/12/15 v1.4 Provide unlimited unique counter (HO)
)
Package uniquecounter Info: New unique counter `rerunfilecheck' on input line 2
86.
)
\Hy@SectionHShift=\skip92
) (/usr/local/texlive/2020/texmf-dist/tex/latex/bookmark/bkm-pdftex.def
File: bkm-pdftex.def 2019/12/03 v1.28 bookmark driver for pdfTeX (HO)
\BKM@id=\count321
)) (/usr/local/texlive/2020/texmf-dist/tex/latex/xurl/xurl.sty
Package: xurl 2020/01/24 v 0.09 modify URL breaks
)
Package csquotes Info: Checking for multilingual support...
Package csquotes Info: ... found 'babel' package.
Package csquotes Info: Adjusting default style.
Package csquotes Info: Redefining alias 'default' -> 'english'.
(./CCRR_manuscript.aux)
\openout1 = `CCRR_manuscript.aux'.

LaTeX Font Info:    Checking defaults for OML/cmm/m/it on input line 208.
LaTeX Font Info:    ... okay on input line 208.
LaTeX Font Info:    Checking defaults for OMS/cmsy/m/n on input line 208.
LaTeX Font Info:    ... okay on input line 208.
LaTeX Font Info:    Checking defaults for OT1/cmr/m/n on input line 208.
LaTeX Font Info:    ... okay on input line 208.
LaTeX Font Info:    Checking defaults for T1/cmr/m/n on input line 208.
LaTeX Font Info:    ... okay on input line 208.
LaTeX Font Info:    Checking defaults for TS1/cmr/m/n on input line 208.
LaTeX Font Info:    ... okay on input line 208.
LaTeX Font Info:    Checking defaults for OMX/cmex/m/n on input line 208.
LaTeX Font Info:    ... okay on input line 208.
LaTeX Font Info:    Checking defaults for U/cmr/m/n on input line 208.
LaTeX Font Info:    ... okay on input line 208.
LaTeX Font Info:    Checking defaults for PD1/pdf/m/n on input line 208.
LaTeX Font Info:    ... okay on input line 208.
LaTeX Font Info:    Checking defaults for PU/pdf/m/n on input line 208.
LaTeX Font Info:    ... okay on input line 208.
*geometry* driver: auto-detecting
*geometry* detected driver: pdftex
*geometry* verbose mode - [ preamble ] result:
* driver: pdftex
* paper: <default>
* layout: <same size as paper>
* layoutoffset:(h,v)=(0.0pt,0.0pt)
* modes: twoside 
* h-part:(L,W,R)=(72.26999pt, 469.75502pt, 72.26999pt)
* v-part:(T,H,B)=(72.26999pt, 650.43001pt, 72.26999pt)
* \paperwidth=614.295pt
* \paperheight=794.96999pt
* \textwidth=469.75502pt
* \textheight=650.43001pt
* \oddsidemargin=0.0pt
* \evensidemargin=0.0pt
* \topmargin=-37.0pt
* \headheight=15.2pt
* \headsep=25.0pt
* \topskip=12.0pt
* \footskip=30.0pt
* \marginparwidth=95.0pt
* \marginparsep=10.0pt
* \columnsep=10.0pt
* \skip\footins=10.8pt plus 4.0pt minus 2.0pt
* \hoffset=0.0pt
* \voffset=0.0pt
* \mag=1000
* \@twocolumnfalse
* \@twosidetrue
* \@mparswitchtrue
* \@reversemarginfalse
* (1in=72.27pt=25.4mm, 1cm=28.453pt)

(/usr/local/texlive/2020/texmf-dist/tex/context/base/mkii/supp-pdf.mkii
[Loading MPS to PDF converter (version 2006.09.02).]
\scratchcounter=\count322
\scratchdimen=\dimen275
\scratchbox=\box65
\nofMPsegments=\count323
\nofMParguments=\count324
\everyMPshowfont=\toks37
\MPscratchCnt=\count325
\MPscratchDim=\dimen276
\MPnumerator=\count326
\makeMPintoPDFobject=\count327
\everyMPtoPDFconversion=\toks38
) (/usr/local/texlive/2020/texmf-dist/tex/latex/epstopdf-pkg/epstopdf-base.sty
Package: epstopdf-base 2020-01-24 v2.11 Base part for package epstopdf
Package epstopdf-base Info: Redefining graphics rule for `.eps' on input line 4
85.
(/usr/local/texlive/2020/texmf-dist/tex/latex/latexconfig/epstopdf-sys.cfg
File: epstopdf-sys.cfg 2010/07/13 v1.3 Configuration of (r)epstopdf for TeX Liv
e
)) (/usr/local/texlive/2020/texmf-dist/tex/latex/apa6/config/APAamerican.txt
File: APAamerican.txt 2012/02/23 v1.25 apa6 configuration for American English
)
Package caption Info: Begin \AtBeginDocument code.
Package caption Info: float package is loaded.
Package caption Info: hyperref package is loaded.
Package caption Info: longtable package is loaded.
(/usr/local/texlive/2020/texmf-dist/tex/latex/caption/ltcaption.sty
Package: ltcaption 2018/08/26 v1.4a longtable captions (AR)
)
Package caption Info: End \AtBeginDocument code.
LaTeX Info: Redefining \microtypecontext on input line 208.
Package microtype Info: Generating PDF output.
Package microtype Info: Character protrusion enabled (level 2).
Package microtype Info: Using protrusion set `basicmath'.
Package microtype Info: Automatic font expansion enabled (level 2),
(microtype)             stretch: 20, shrink: 20, step: 1, non-selected.
Package microtype Info: Using default expansion set `basictext'.
LaTeX Info: Redefining \showhyphens on input line 208.
Package microtype Info: No adjustment of tracking.
Package microtype Info: No adjustment of interword spacing.
Package microtype Info: No adjustment of character kerning.
(/usr/local/texlive/2020/texmf-dist/tex/latex/microtype/mt-cmr.cfg
File: mt-cmr.cfg 2013/05/19 v2.2 microtype config. file: Computer Modern Roman 
(RS)
)
\AtBeginShipoutBox=\box66
Package hyperref Info: Link coloring OFF on input line 208.
(/usr/local/texlive/2020/texmf-dist/tex/latex/hyperref/nameref.sty
Package: nameref 2019/09/16 v2.46 Cross-referencing by name of section
(/usr/local/texlive/2020/texmf-dist/tex/latex/refcount/refcount.sty
Package: refcount 2019/12/15 v3.6 Data extraction from label references (HO)
)
(/usr/local/texlive/2020/texmf-dist/tex/generic/gettitlestring/gettitlestring.s
ty
Package: gettitlestring 2019/12/15 v1.6 Cleanup title references (HO)
)
\c@section@level=\count328
)
LaTeX Info: Redefining \ref on input line 208.
LaTeX Info: Redefining \pageref on input line 208.
LaTeX Info: Redefining \nameref on input line 208.
LaTeX Font Info:    Trying to load font information for T1+lmss on input line 2
10.
(/usr/local/texlive/2020/texmf-dist/tex/latex/lm/t1lmss.fd
File: t1lmss.fd 2009/10/30 v1.6 Font defs for Latin Modern
)
LaTeX Font Info:    Trying to load font information for OT1+lmr on input line 2
10.
(/usr/local/texlive/2020/texmf-dist/tex/latex/lm/ot1lmr.fd
File: ot1lmr.fd 2009/10/30 v1.6 Font defs for Latin Modern
)
LaTeX Font Info:    Trying to load font information for OML+lmm on input line 2
10.
(/usr/local/texlive/2020/texmf-dist/tex/latex/lm/omllmm.fd
File: omllmm.fd 2009/10/30 v1.6 Font defs for Latin Modern
)
LaTeX Font Info:    Trying to load font information for OMS+lmsy on input line 
210.
(/usr/local/texlive/2020/texmf-dist/tex/latex/lm/omslmsy.fd
File: omslmsy.fd 2009/10/30 v1.6 Font defs for Latin Modern
)
LaTeX Font Info:    Trying to load font information for OMX+lmex on input line 
210.
(/usr/local/texlive/2020/texmf-dist/tex/latex/lm/omxlmex.fd
File: omxlmex.fd 2009/10/30 v1.6 Font defs for Latin Modern
)
LaTeX Font Info:    External font `lmex10' loaded for size
(Font)              <12> on input line 210.
LaTeX Font Info:    External font `lmex10' loaded for size
(Font)              <8> on input line 210.
LaTeX Font Info:    External font `lmex10' loaded for size
(Font)              <6> on input line 210.
LaTeX Font Info:    Trying to load font information for U+msa on input line 210
.
(/usr/local/texlive/2020/texmf-dist/tex/latex/amsfonts/umsa.fd
File: umsa.fd 2013/01/14 v3.01 AMS symbols A
) (/usr/local/texlive/2020/texmf-dist/tex/latex/microtype/mt-msa.cfg
File: mt-msa.cfg 2006/02/04 v1.1 microtype config. file: AMS symbols (a) (RS)
)
LaTeX Font Info:    Trying to load font information for U+msb on input line 210
.
(/usr/local/texlive/2020/texmf-dist/tex/latex/amsfonts/umsb.fd
File: umsb.fd 2013/01/14 v3.01 AMS symbols B
) (/usr/local/texlive/2020/texmf-dist/tex/latex/microtype/mt-msb.cfg
File: mt-msb.cfg 2005/06/01 v1.0 microtype config. file: AMS symbols (b) (RS)
) (/usr/local/texlive/2020/texmf-dist/tex/latex/microtype/mt-eur.cfg
File: mt-eur.cfg 2006/07/31 v1.1 microtype config. file: AMS Euler Roman (RS)
) [1{/usr/local/texlive/2020/texmf-var/fonts/map/pdftex/updmap/pdftex.map}

] [2] [3]
LaTeX Font Info:    External font `lmex10' loaded for size
(Font)              <10> on input line 218.
LaTeX Font Info:    External font `lmex10' loaded for size
(Font)              <7> on input line 218.
LaTeX Font Info:    External font `lmex10' loaded for size
(Font)              <5> on input line 218.

Underfull \vbox (badness 1968) has occurred while \output is active []

[4]
Underfull \vbox (badness 4752) has occurred while \output is active []

[5]
Underfull \vbox (badness 4752) has occurred while \output is active []

[6]
Overfull \hbox (5.85121pt too wide) in paragraph at lines 242--242
[]|\T1/lmr/bx/n/12 CN| 
 []


Overfull \hbox (3.42122pt too wide) in paragraph at lines 242--243
[]|\T1/lmr/bx/n/12 US| 
 []


Underfull \hbox (badness 6725) in paragraph at lines 244--244
[]|\T1/lmr/m/n/12 (+20) Ambiguous Re-
 []


Underfull \hbox (badness 7308) in paragraph at lines 244--244
\T1/lmr/m/n/12 (+20) la-tional Match-
 []


Underfull \hbox (badness 10000) in paragraph at lines 244--244
\T1/lmr/m/n/12 (+20) To-Sample
 []


Underfull \hbox (badness 6300) in paragraph at lines 244--244
[]|\T1/lmr/m/n/12 (+20) Carstensen et al.
 []


Overfull \hbox (2.81871pt too wide) in paragraph at lines 244--244
[]|\T1/lmr/m/n/12 (-20) 186| 
 []


Overfull \hbox (2.81871pt too wide) in paragraph at lines 244--245
[]|\T1/lmr/m/n/12 (-20) 178| 
 []


Underfull \hbox (badness 10000) in paragraph at lines 246--246
[]|\T1/lmr/m/n/12 (+20) Describe pic-tures
 []


Overfull \hbox (2.81871pt too wide) in paragraph at lines 246--246
[]|\T1/lmr/m/n/12 (-20) 169| 
 []


Overfull \hbox (2.81871pt too wide) in paragraph at lines 246--247
[]|\T1/lmr/m/n/12 (-20) 172| 
 []


Overfull \hbox (2.81871pt too wide) in paragraph at lines 248--248
[]|\T1/lmr/m/n/12 (-20) 190| 
 []


Overfull \hbox (2.81871pt too wide) in paragraph at lines 248--249
[]|\T1/lmr/m/n/12 (-20) 180| 
 []


Overfull \hbox (2.81871pt too wide) in paragraph at lines 250--250
[]|\T1/lmr/m/n/12 (-20) 187| 
 []


Overfull \hbox (2.81871pt too wide) in paragraph at lines 250--251
[]|\T1/lmr/m/n/12 (-20) 175| 
 []


Underfull \hbox (badness 10000) in paragraph at lines 252--252
[]|\T1/lmr/m/n/12 (+20) Symbolic Self-
 []


Underfull \hbox (badness 10000) in paragraph at lines 252--252
\T1/lmr/m/n/12 (+20) Inflation (Fam-
 []


Underfull \hbox (badness 10000) in paragraph at lines 252--252
[]|\T1/lmr/m/n/12 (+20) Kitayama et al.
 []


Overfull \hbox (2.81871pt too wide) in paragraph at lines 252--252
[]|\T1/lmr/m/n/12 (-20) 150| 
 []


Overfull \hbox (2.81871pt too wide) in paragraph at lines 252--253
[]|\T1/lmr/m/n/12 (-20) 114| 
 []


Underfull \hbox (badness 10000) in paragraph at lines 254--254
[]|\T1/lmr/m/n/12 (+20) Kim & Markus
 []


Underfull \hbox (badness 7047) in paragraph at lines 254--254
[]|\T1/lmr/m/n/12 (+20) Choose a sticker
 []


Underfull \hbox (badness 2165) in paragraph at lines 254--254
\T1/lmr/m/n/12 (+20) from five stick-ers,
 []


Overfull \hbox (2.81871pt too wide) in paragraph at lines 254--254
[]|\T1/lmr/m/n/12 (-20) 191| 
 []


Overfull \hbox (2.81871pt too wide) in paragraph at lines 254--255
[]|\T1/lmr/m/n/12 (-20) 180| 
 []


Underfull \hbox (badness 10000) in paragraph at lines 256--256
[]|\T1/lmr/m/n/12 (+20) Watch short vi-
 []


Overfull \hbox (2.81871pt too wide) in paragraph at lines 256--256
[]|\T1/lmr/m/n/12 (-20) 177| 
 []


Overfull \hbox (2.81871pt too wide) in paragraph at lines 256--257
[]|\T1/lmr/m/n/12 (-20) 170| 
 []


Underfull \hbox (badness 10000) in paragraph at lines 258--258
\T1/lmr/m/n/12 (+20) visually-presented
 []


Overfull \hbox (2.81871pt too wide) in paragraph at lines 258--258
[]|\T1/lmr/m/n/12 (-20) 191| 
 []


Overfull \hbox (2.81871pt too wide) in paragraph at lines 258--259
[]|\T1/lmr/m/n/12 (-20) 180| 
 []


Underfull \hbox (badness 6725) in paragraph at lines 262--262
[]|\T1/lmr/m/n/12 (+20) Ambiguous Re-
 []


Underfull \hbox (badness 7308) in paragraph at lines 262--262
\T1/lmr/m/n/12 (+20) la-tional Match-
 []


Underfull \hbox (badness 10000) in paragraph at lines 262--262
\T1/lmr/m/n/12 (+20) To-Sample
 []


Underfull \hbox (badness 6300) in paragraph at lines 262--262
[]|\T1/lmr/m/n/12 (+20) Carstensen et al.
 []


Overfull \hbox (2.81871pt too wide) in paragraph at lines 262--262
[]|\T1/lmr/m/n/12 (-20) 174| 
 []


Overfull \hbox (2.81871pt too wide) in paragraph at lines 262--263
[]|\T1/lmr/m/n/12 (-20) 293| 
 []


Underfull \hbox (badness 10000) in paragraph at lines 264--264
[]|\T1/lmr/m/n/12 (+20) Describe pic-tures
 []


Overfull \hbox (2.81871pt too wide) in paragraph at lines 264--264
[]|\T1/lmr/m/n/12 (-20) 132| 
 []


Overfull \hbox (2.81871pt too wide) in paragraph at lines 264--265
[]|\T1/lmr/m/n/12 (-20) 284| 
 []


Underfull \hbox (badness 10000) in paragraph at lines 266--266
[]|\T1/lmr/m/n/12 (+20) Change De-tec-
 []


Underfull \hbox (badness 1661) in paragraph at lines 266--266
\T1/lmr/m/n/12 (+20) the fore-ground or
 []


Overfull \hbox (2.81871pt too wide) in paragraph at lines 266--266
[]|\T1/lmr/m/n/12 (-20) 160| 
 []


Overfull \hbox (2.81871pt too wide) in paragraph at lines 266--267
[]|\T1/lmr/m/n/12 (-20) 253| 
 []


Underfull \hbox (badness 10000) in paragraph at lines 268--268
[]|\T1/lmr/m/n/12 (+20) Symbolic
 []


Underfull \hbox (badness 10000) in paragraph at lines 268--268
\T1/lmr/m/n/12 (+20) Self-Inflation
 []


Underfull \hbox (badness 10000) in paragraph at lines 268--268
[]|\T1/lmr/m/n/12 (+20) Kitayama et al.
 []


Overfull \hbox (2.81871pt too wide) in paragraph at lines 268--268
[]|\T1/lmr/m/n/12 (-20) 158| 
 []


Overfull \hbox (2.81871pt too wide) in paragraph at lines 268--269
[]|\T1/lmr/m/n/12 (-20) 252| 
 []


Underfull \hbox (badness 10000) in paragraph at lines 270--270
[]|\T1/lmr/m/n/12 (+20) Morris & Peng
 []


Underfull \hbox (badness 10000) in paragraph at lines 270--270
[]|\T1/lmr/m/n/12 (+20) Read a crime
 []


Underfull \hbox (badness 1681) in paragraph at lines 270--270
\T1/lmr/m/n/12 (+20) story and ex-plain
 []


Underfull \hbox (badness 10000) in paragraph at lines 270--270
\T1/lmr/m/n/12 (+20) the crim-i-nal's
 []


Overfull \hbox (2.81871pt too wide) in paragraph at lines 270--270
[]|\T1/lmr/m/n/12 (-20) 114| 
 []


Overfull \hbox (2.81871pt too wide) in paragraph at lines 270--271
[]|\T1/lmr/m/n/12 (-20) 293| 
 []


Underfull \hbox (badness 10000) in paragraph at lines 272--272
[]|\T1/lmr/m/n/12 (+20) Taxonomic-
 []


Underfull \hbox (badness 6691) in paragraph at lines 272--272
\T1/lmr/m/n/12 (+20) Thematic Sim-i-
 []


Underfull \hbox (badness 6808) in paragraph at lines 272--272
\T1/lmr/m/n/12 (+20) on tax-o-nomic or
 []


Overfull \hbox (2.81871pt too wide) in paragraph at lines 272--272
[]|\T1/lmr/m/n/12 (-20) 178| 
 []


Overfull \hbox (2.81871pt too wide) in paragraph at lines 272--273
[]|\T1/lmr/m/n/12 (-20) 295| 
 []


Underfull \hbox (badness 10000) in paragraph at lines 274--274
[]|\T1/lmr/m/n/12 (+20) Semantic In-tu-
 []


Underfull \hbox (badness 1803) in paragraph at lines 274--274
[]|\T1/lmr/m/n/12 (+20) Decide whether a
 []


Underfull \hbox (badness 2894) in paragraph at lines 274--274
\T1/lmr/m/n/12 (+20) story refers to a
 []


Underfull \hbox (badness 10000) in paragraph at lines 274--274
\T1/lmr/m/n/12 (+20) named char-ac-ter
 []


Underfull \hbox (badness 10000) in paragraph at lines 274--274
\T1/lmr/m/n/12 (+20) mis-char-ac-ter-ized)
 []


Underfull \hbox (badness 10000) in paragraph at lines 274--274
\T1/lmr/m/n/12 (+20) per-formed the
 []


Overfull \hbox (2.81871pt too wide) in paragraph at lines 274--274
[]|\T1/lmr/m/n/12 (-20) 181| 
 []


Overfull \hbox (2.81871pt too wide) in paragraph at lines 274--275
[]|\T1/lmr/m/n/12 (-20) 298| 
 []


Underfull \hbox (badness 10000) in paragraph at lines 276--276
\T1/lmr/m/n/12 (+20) visually-presented
 []


Overfull \hbox (2.81871pt too wide) in paragraph at lines 276--276
[]|\T1/lmr/m/n/12 (-20) 181| 
 []


Overfull \hbox (2.81871pt too wide) in paragraph at lines 276--277
[]|\T1/lmr/m/n/12 (-20) 298| 
 []

[7] [8]
LaTeX Font Info:    Trying to load font information for TS1+lmr on input line 2
91.
(/usr/local/texlive/2020/texmf-dist/tex/latex/lm/ts1lmr.fd
File: ts1lmr.fd 2009/10/30 v1.6 Font defs for Latin Modern
) [9]
Underfull \vbox (badness 1009) has occurred while \output is active []

[10] [11]
Underfull \vbox (badness 10000) has occurred while \output is active []

[12]
Underfull \vbox (badness 10000) has occurred while \output is active []

[13] [14] [15]
Underfull \vbox (badness 10000) has occurred while \output is active []

[16] [17] [18]
Underfull \vbox (badness 10000) has occurred while \output is active []

[19] [20]
Underfull \vbox (badness 2142) has occurred while \output is active []

[21]
Underfull \vbox (badness 2384) has occurred while \output is active []

[22]
Underfull \vbox (badness 1360) has occurred while \output is active []

[23]
Underfull \vbox (badness 10000) has occurred while \output is active []

[24]
<CCRR_manuscript_files/figure-latex/es-plot-1.pdf, id=213, 440.64626pt x 316.18
124pt>
File: CCRR_manuscript_files/figure-latex/es-plot-1.pdf Graphic file (type pdf)
<use CCRR_manuscript_files/figure-latex/es-plot-1.pdf>
Package pdftex.def Info: CCRR_manuscript_files/figure-latex/es-plot-1.pdf  used
 on input line 518.
(pdftex.def)             Requested size: 440.66533pt x 316.19493pt.
[25]
<CCRR_manuscript_files/figure-latex/reliability-1.pdf, id=225, 440.64626pt x 31
6.18124pt>
File: CCRR_manuscript_files/figure-latex/reliability-1.pdf Graphic file (type p
df)
<use CCRR_manuscript_files/figure-latex/reliability-1.pdf>
Package pdftex.def Info: CCRR_manuscript_files/figure-latex/reliability-1.pdf  
used on input line 531.
(pdftex.def)             Requested size: 440.66533pt x 316.19493pt.

Underfull \vbox (badness 10000) has occurred while \output is active []

[26 <./CCRR_manuscript_files/figure-latex/es-plot-1.pdf>]
Underfull \vbox (badness 2809) has occurred while \output is active []

[27 <./CCRR_manuscript_files/figure-latex/reliability-1.pdf>] [28] [29]
Underfull \vbox (badness 10000) has occurred while \output is active []

[30] [31] [32] [33] [34] [35] [36]
Underfull \hbox (badness 10000) in paragraph at lines 618--618
[]|\T1/lmr/m/n/12 (+20) Ambiguous
 []


Underfull \hbox (badness 10000) in paragraph at lines 618--618
\T1/lmr/m/n/12 (+20) causal Re-la-
 []


Underfull \hbox (badness 10000) in paragraph at lines 618--618
\T1/lmr/m/n/12 (+20) tional Match-
 []


Underfull \hbox (badness 10000) in paragraph at lines 618--618
\T1/lmr/m/n/12 (+20) To-Sample
 []


Underfull \hbox (badness 1895) in paragraph at lines 631--632
[]\T1/lmr/m/n/12 (+20) Culture: The orig-i-nal ex-per-i-ment com-pared
 []


Underfull \hbox (badness 1895) in paragraph at lines 642--643
[]\T1/lmr/m/n/12 (+20) Culture: The orig-i-nal ex-per-i-ment com-pared
 []


Underfull \hbox (badness 10000) in paragraph at lines 650--650
[]|\T1/lmr/m/n/12 (+20) Symbolic Self-
 []


Underfull \hbox (badness 10000) in paragraph at lines 650--650
\T1/lmr/m/n/12 (+20) ver-sion and
 []


Underfull \hbox (badness 10000) in paragraph at lines 680--680
[]|\T1/lmr/m/n/12 (+20) Change De-tec-
 []

[37

] [38] [39]
Underfull \vbox (badness 10000) has occurred while \output is active []

[40

]
Underfull \vbox (badness 10000) has occurred while \output is active []

[41]
Underfull \vbox (badness 10000) has occurred while \output is active []

[42]
Underfull \vbox (badness 10000) has occurred while \output is active []

[43]
Underfull \vbox (badness 10000) has occurred while \output is active []

[44]
Underfull \vbox (badness 10000) has occurred while \output is active []

[45]
Underfull \vbox (badness 10000) has occurred while \output is active []

[46] [47]

Package hyperref Warning: Token not allowed in a PDF string (Unicode):
(hyperref)                removing `\\' on input line 952.

LaTeX Font Info:    Trying to load font information for T1+lmtt on input line 9
59.
(/usr/local/texlive/2020/texmf-dist/tex/latex/lm/t1lmtt.fd
File: t1lmtt.fd 2009/10/30 v1.6 Font defs for Latin Modern
)
<CCRR_manuscript_files/figure-latex/unnamed-chunk-41-1.pdf, id=438, 281.05pt x 
482.80376pt>
File: CCRR_manuscript_files/figure-latex/unnamed-chunk-41-1.pdf Graphic file (t
ype pdf)
<use CCRR_manuscript_files/figure-latex/unnamed-chunk-41-1.pdf>
Package pdftex.def Info: CCRR_manuscript_files/figure-latex/unnamed-chunk-41-1.
pdf  used on input line 968.
(pdftex.def)             Requested size: 281.05788pt x 482.8173pt.
[48

] [49 <./CCRR_manuscript_files/figure-latex/unnamed-chunk-41-1.pdf>]

Package hyperref Warning: Token not allowed in a PDF string (Unicode):
(hyperref)                removing `\\' on input line 973.

<CCRR_manuscript_files/figure-latex/unnamed-chunk-44-1.pdf, id=468, 353.32pt x 
196.735pt>
File: CCRR_manuscript_files/figure-latex/unnamed-chunk-44-1.pdf Graphic file (t
ype pdf)
<use CCRR_manuscript_files/figure-latex/unnamed-chunk-44-1.pdf>
Package pdftex.def Info: CCRR_manuscript_files/figure-latex/unnamed-chunk-44-1.
pdf  used on input line 982.
(pdftex.def)             Requested size: 353.31914pt x 196.7345pt.
[50

 <./CCRR_manuscript_files/figure-latex/unnamed-chunk-44-1.pdf>]
<CCRR_manuscript_files/figure-latex/unnamed-chunk-46-1.pdf, id=490, 353.32pt x 
196.735pt>
File: CCRR_manuscript_files/figure-latex/unnamed-chunk-46-1.pdf Graphic file (t
ype pdf)
<use CCRR_manuscript_files/figure-latex/unnamed-chunk-46-1.pdf>
Package pdftex.def Info: CCRR_manuscript_files/figure-latex/unnamed-chunk-46-1.
pdf  used on input line 993.
(pdftex.def)             Requested size: 353.31914pt x 196.7345pt.
[51 <./CCRR_manuscript_files/figure-latex/unnamed-chunk-46-1.pdf>]

Package hyperref Warning: Token not allowed in a PDF string (Unicode):
(hyperref)                removing `\\' on input line 998.

<CCRR_manuscript_files/figure-latex/unnamed-chunk-48-1.pdf, id=509, 406.51875pt
 x 204.765pt>
File: CCRR_manuscript_files/figure-latex/unnamed-chunk-48-1.pdf Graphic file (t
ype pdf)
<use CCRR_manuscript_files/figure-latex/unnamed-chunk-48-1.pdf>
Package pdftex.def Info: CCRR_manuscript_files/figure-latex/unnamed-chunk-48-1.
pdf  used on input line 1005.
(pdftex.def)             Requested size: 406.53015pt x 204.77072pt.

Overfull \hbox (1.81767pt too wide) in paragraph at lines 1005--1006
 [][]  
 []

<CCRR_manuscript_files/figure-latex/unnamed-chunk-49-1.pdf, id=510, 406.51875pt
 x 204.765pt>
File: CCRR_manuscript_files/figure-latex/unnamed-chunk-49-1.pdf Graphic file (t
ype pdf)
<use CCRR_manuscript_files/figure-latex/unnamed-chunk-49-1.pdf>
Package pdftex.def Info: CCRR_manuscript_files/figure-latex/unnamed-chunk-49-1.
pdf  used on input line 1010.
(pdftex.def)             Requested size: 406.53015pt x 204.77072pt.

Overfull \hbox (1.81767pt too wide) in paragraph at lines 1010--1011
 [][]  
 []


Underfull \vbox (badness 10000) has occurred while \output is active []

[52

 <./CCRR_manuscript_files/figure-latex/unnamed-chunk-48-1.pdf>] [53 <./CCRR_man
uscript_files/figure-latex/unnamed-chunk-49-1.pdf>]

Package hyperref Warning: Token not allowed in a PDF string (Unicode):
(hyperref)                removing `\\' on input line 1013.

LaTeX Font Info:    Calculating math sizes for size <9.5> on input line 1025.
LaTeX Font Info:    External font `lmex10' loaded for size
(Font)              <9.5> on input line 1025.
LaTeX Font Info:    External font `lmex10' loaded for size
(Font)              <6.64996> on input line 1025.
LaTeX Font Info:    External font `lmex10' loaded for size
(Font)              <4.75> on input line 1025.

Underfull \vbox (badness 7907) has occurred while \output is active []

[54

] [55] [56]

Package hyperref Warning: Token not allowed in a PDF string (Unicode):
(hyperref)                removing `\\' on input line 1081.

<CCRR_manuscript_files/appendix_task_examples/e1_crmts.pdf, id=566, 722.7pt x 4
06.51875pt>
File: CCRR_manuscript_files/appendix_task_examples/e1_crmts.pdf Graphic file (t
ype pdf)
<use CCRR_manuscript_files/appendix_task_examples/e1_crmts.pdf>
Package pdftex.def Info: CCRR_manuscript_files/appendix_task_examples/e1_crmts.
pdf  used on input line 1093.
(pdftex.def)             Requested size: 356.88297pt x 200.74666pt.
<CCRR_manuscript_files/appendix_task_examples/e1_fd.pdf, id=567, 722.7pt x 406.
51875pt>
File: CCRR_manuscript_files/appendix_task_examples/e1_fd.pdf Graphic file (type
 pdf)
<use CCRR_manuscript_files/appendix_task_examples/e1_fd.pdf>
Package pdftex.def Info: CCRR_manuscript_files/appendix_task_examples/e1_fd.pdf
  used on input line 1107.
(pdftex.def)             Requested size: 356.88297pt x 200.74666pt.

LaTeX Warning: `!h' float specifier changed to `!ht'.

[57

 <./CCRR_manuscript_files/appendix_task_examples/e1_crmts.pdf>]
<CCRR_manuscript_files/appendix_task_examples/e1_ebbinghaus.pdf, id=608, 722.7p
t x 406.51875pt>
File: CCRR_manuscript_files/appendix_task_examples/e1_ebbinghaus.pdf Graphic fi
le (type pdf)
<use CCRR_manuscript_files/appendix_task_examples/e1_ebbinghaus.pdf>
Package pdftex.def Info: CCRR_manuscript_files/appendix_task_examples/e1_ebbing
haus.pdf  used on input line 1121.
(pdftex.def)             Requested size: 356.88297pt x 200.74666pt.
[58 <./CCRR_manuscript_files/appendix_task_examples/e1_fd.pdf> <./CCRR_manuscri
pt_files/appendix_task_examples/e1_ebbinghaus.pdf>]
<CCRR_manuscript_files/appendix_task_examples/e1_horizon.pdf, id=649, 722.7pt x
 406.51875pt>
File: CCRR_manuscript_files/appendix_task_examples/e1_horizon.pdf Graphic file 
(type pdf)
<use CCRR_manuscript_files/appendix_task_examples/e1_horizon.pdf>
Package pdftex.def Info: CCRR_manuscript_files/appendix_task_examples/e1_horizo
n.pdf  used on input line 1135.
(pdftex.def)             Requested size: 356.88297pt x 200.74666pt.
<CCRR_manuscript_files/appendix_task_examples/e1_si_family.pdf, id=650, 722.7pt
 x 406.51875pt>
File: CCRR_manuscript_files/appendix_task_examples/e1_si_family.pdf Graphic fil
e (type pdf)
<use CCRR_manuscript_files/appendix_task_examples/e1_si_family.pdf>
Package pdftex.def Info: CCRR_manuscript_files/appendix_task_examples/e1_si_fam
ily.pdf  used on input line 1149.
(pdftex.def)             Requested size: 356.88297pt x 200.74666pt.

LaTeX Warning: `!h' float specifier changed to `!ht'.

<CCRR_manuscript_files/appendix_task_examples/e1_uniqueness.pdf, id=651, 722.7p
t x 406.51875pt>
File: CCRR_manuscript_files/appendix_task_examples/e1_uniqueness.pdf Graphic fi
le (type pdf)
<use CCRR_manuscript_files/appendix_task_examples/e1_uniqueness.pdf>
Package pdftex.def Info: CCRR_manuscript_files/appendix_task_examples/e1_unique
ness.pdf  used on input line 1163.
(pdftex.def)             Requested size: 356.88297pt x 200.74666pt.

LaTeX Warning: `!h' float specifier changed to `!ht'.

<CCRR_manuscript_files/appendix_task_examples/e1_ca_child.pdf, id=652, 722.7pt 
x 406.51875pt>
File: CCRR_manuscript_files/appendix_task_examples/e1_ca_child.pdf Graphic file
 (type pdf)
<use CCRR_manuscript_files/appendix_task_examples/e1_ca_child.pdf>
Package pdftex.def Info: CCRR_manuscript_files/appendix_task_examples/e1_ca_chi
ld.pdf  used on input line 1177.
(pdftex.def)             Requested size: 356.88297pt x 200.74666pt.

LaTeX Warning: `!h' float specifier changed to `!ht'.

[59 <./CCRR_manuscript_files/appendix_task_examples/e1_horizon.pdf>]
<CCRR_manuscript_files/appendix_task_examples/e1_raven.pdf, id=679, 722.7pt x 4
06.51875pt>
File: CCRR_manuscript_files/appendix_task_examples/e1_raven.pdf Graphic file (t
ype pdf)
<use CCRR_manuscript_files/appendix_task_examples/e1_raven.pdf>
Package pdftex.def Info: CCRR_manuscript_files/appendix_task_examples/e1_raven.
pdf  used on input line 1191.
(pdftex.def)             Requested size: 356.88297pt x 200.74666pt.

LaTeX Warning: `!h' float specifier changed to `!ht'.

[60 <./CCRR_manuscript_files/appendix_task_examples/e1_si_family.pdf> <./CCRR_m
anuscript_files/appendix_task_examples/e1_uniqueness.pdf>] [61 <./CCRR_manuscri
pt_files/appendix_task_examples/e1_ca_child.pdf> <./CCRR_manuscript_files/appen
dix_task_examples/e1_raven.pdf>]
<CCRR_manuscript_files/appendix_task_examples/e2_ca_adult.pdf, id=745, 722.7pt 
x 406.51875pt>
File: CCRR_manuscript_files/appendix_task_examples/e2_ca_adult.pdf Graphic file
 (type pdf)
<use CCRR_manuscript_files/appendix_task_examples/e2_ca_adult.pdf>
Package pdftex.def Info: CCRR_manuscript_files/appendix_task_examples/e2_ca_adu
lt.pdf  used on input line 1210.
(pdftex.def)             Requested size: 356.88297pt x 200.74666pt.
<CCRR_manuscript_files/appendix_task_examples/e2_cd.pdf, id=748, 722.7pt x 406.
51875pt>
File: CCRR_manuscript_files/appendix_task_examples/e2_cd.pdf Graphic file (type
 pdf)
<use CCRR_manuscript_files/appendix_task_examples/e2_cd.pdf>
Package pdftex.def Info: CCRR_manuscript_files/appendix_task_examples/e2_cd.pdf
  used on input line 1224.
(pdftex.def)             Requested size: 356.88297pt x 200.74666pt.

LaTeX Warning: `!h' float specifier changed to `!ht'.

[62 <./CCRR_manuscript_files/appendix_task_examples/e2_ca_adult.pdf>]
<CCRR_manuscript_files/appendix_task_examples/e2_similarity.pdf, id=771, 722.7p
t x 406.51875pt>
File: CCRR_manuscript_files/appendix_task_examples/e2_similarity.pdf Graphic fi
le (type pdf)
<use CCRR_manuscript_files/appendix_task_examples/e2_similarity.pdf>
Package pdftex.def Info: CCRR_manuscript_files/appendix_task_examples/e2_simila
rity.pdf  used on input line 1238.
(pdftex.def)             Requested size: 356.88297pt x 200.74666pt.

LaTeX Warning: `!h' float specifier changed to `!ht'.

<CCRR_manuscript_files/appendix_task_examples/e2_semantic.pdf, id=772, 722.7pt 
x 406.51875pt>
File: CCRR_manuscript_files/appendix_task_examples/e2_semantic.pdf Graphic file
 (type pdf)
<use CCRR_manuscript_files/appendix_task_examples/e2_semantic.pdf>
Package pdftex.def Info: CCRR_manuscript_files/appendix_task_examples/e2_semant
ic.pdf  used on input line 1252.
(pdftex.def)             Requested size: 356.88297pt x 200.74666pt.

LaTeX Warning: `!h' float specifier changed to `!ht'.

AED endfloat: Processing end Figures and Tables [63 <./CCRR_manuscript_files/ap
pendix_task_examples/e2_cd.pdf>] [64 <./CCRR_manuscript_files/appendix_task_exa
mples/e2_similarity.pdf> <./CCRR_manuscript_files/appendix_task_examples/e2_sem
antic.pdf>]
Package atveryend Info: Empty hook `BeforeClearDocument' on input line 1260.
Package atveryend Info: Empty hook `AfterLastShipout' on input line 1260.
(./CCRR_manuscript.aux)
Package atveryend Info: Executing hook `AtVeryEndDocument' on input line 1260.
Package atveryend Info: Empty hook `AtEndAfterFileList' on input line 1260.
 ) 
Here is how much of TeX's memory you used:
 20066 strings out of 480608
 313696 string characters out of 5903630
 648013 words of memory out of 5000000
 35049 multiletter control sequences out of 15000+600000
 650340 words of font info for 197 fonts, out of 8000000 for 9000
 1141 hyphenation exceptions out of 8191
 49i,11n,52p,1606b,573s stack positions out of 5000i,500n,10000p,200000b,80000s
{/usr/local/texlive/2020/texmf-dist/fonts/enc/dvips/lm/lm-ec.enc}{/usr/local/
texlive/2020/texmf-dist/fonts/enc/dvips/lm/lm-mathit.enc}{/usr/local/texlive/20
20/texmf-dist/fonts/enc/dvips/lm/lm-ts1.enc}</usr/local/texlive/2020/texmf-dist
/fonts/type1/public/lm/lmbx10.pfb></usr/local/texlive/2020/texmf-dist/fonts/typ
e1/public/lm/lmbx12.pfb></usr/local/texlive/2020/texmf-dist/fonts/type1/public/
lm/lmbxi10.pfb></usr/local/texlive/2020/texmf-dist/fonts/type1/public/lm/lmmi12
.pfb></usr/local/texlive/2020/texmf-dist/fonts/type1/public/lm/lmr10.pfb></usr/
local/texlive/2020/texmf-dist/fonts/type1/public/lm/lmr12.pfb></usr/local/texli
ve/2020/texmf-dist/fonts/type1/public/lm/lmr7.pfb></usr/local/texlive/2020/texm
f-dist/fonts/type1/public/lm/lmr8.pfb></usr/local/texlive/2020/texmf-dist/fonts
/type1/public/lm/lmri12.pfb></usr/local/texlive/2020/texmf-dist/fonts/type1/pub
lic/lm/lmss8.pfb></usr/local/texlive/2020/texmf-dist/fonts/type1/public/lm/lmtt
12.pfb>
Output written on CCRR_manuscript.pdf (64 pages, 3106406 bytes).
PDF statistics:
 1169 PDF objects out of 1200 (max. 8388607)
 974 compressed objects within 10 object streams
 337 named destinations out of 1000 (max. 500000)
 12928 words of extra memory for PDF output out of 14400 (max. 10000000)

